
/home/runner/work/exp-three-phase-induction-motor-iitk/exp-three-phase-induction-motor-iitk/experiment/simulation/js/main.js
    7:5   warning  'rotorid' is assigned a value but never used  no-unused-vars
   10:1   warning  'voltage1' is not defined                     no-undef
   11:1   warning  'Current' is not defined                      no-undef
   12:1   warning  'Speed' is not defined                        no-undef
   14:10  warning  'switch1on' is defined but never used         no-unused-vars
   15:2   warning  'a' is not defined                            no-undef
   18:3   warning  'a' is not defined                            no-undef
   19:3   warning  'a' is not defined                            no-undef
   21:4   warning  'bulb1color' is not defined                   no-undef
   22:4   warning  'bulb1color' is not defined                   no-undef
   23:4   warning  'bulb1color' is not defined                   no-undef
   26:4   warning  'bulb1color' is not defined                   no-undef
   27:4   warning  'bulb1color' is not defined                   no-undef
   28:4   warning  'b1' is not defined                           no-undef
   29:4   warning  'bulb1color' is not defined                   no-undef
   30:4   warning  'b2' is not defined                           no-undef
   34:3   warning  'voltmeter_1' is not defined                  no-undef
   34:66  warning  'voltage1' is not defined                     no-undef
   40:3   warning  'a' is not defined                            no-undef
   41:3   warning  'bulb1color' is not defined                   no-undef
   42:3   warning  'bulb1color' is not defined                   no-undef
   43:3   warning  'bulb1color' is not defined                   no-undef
   46:3   warning  'voltmeter_1' is not defined                  no-undef
   51:10  warning  'phasechangefunc' is defined but never used   no-unused-vars
   71:10  warning  'autoswitchfunc' is defined but never used    no-unused-vars
   72:1   warning  Mixed spaces and tabs                         no-mixed-spaces-and-tabs
   72:10  warning  'voltage1' is not defined                     no-undef
   78:3   warning  'Current' is not defined                      no-undef
   78:12  warning  'voltage1' is not defined                     no-undef
   85:4   warning  'voltmeter_1' is not defined                  no-undef
   85:67  warning  'voltage1' is not defined                     no-undef
   86:4   warning  'ammeter_1' is not defined                    no-undef
   86:59  warning  'Current' is not defined                      no-undef
  104:4   warning  'voltmeter_1' is not defined                  no-undef
  104:67  warning  'voltage1' is not defined                     no-undef
  106:3   warning  'ammeter_1' is not defined                    no-undef
  109:3   warning  'tachometer_1_0' is not defined               no-undef
  139:10  warning  'displaytach' is defined but never used       no-unused-vars
  140:29  warning  'voltage1' is not defined                     no-undef
  141:9   warning  'Speed' is not defined                        no-undef
  141:33  warning  'voltage1' is not defined                     no-undef
  142:19  warning  'Speed' is not defined                        no-undef
  142:39  warning  'Speed' is not defined                        no-undef
  142:49  warning  'Speed' is not defined                        no-undef
  143:13  warning  'Speed' is not defined                        no-undef
  145:53  warning  'Speed' is not defined                        no-undef
  151:10  warning  'popupswitch1' is defined but never used      no-unused-vars
  156:10  warning  'openNav' is defined but never used           no-unused-vars
  161:12  warning  'closeNav' is defined but never used          no-unused-vars
  168:10  warning  'getVoltage' is defined but never used        no-unused-vars
  172:9   warning  'voltage1' is not defined                     no-undef
  179:5   warning  'voltage1' is not defined                     no-undef
  180:62  warning  'voltage1' is not defined                     no-undef

✖ 53 problems (0 errors, 53 warnings)

